Added Component: Designator=*(HDR1X4)
Added Component: Designator=1(cap-0.1)
Added Component: Designator=A1(DIP-8)
Added Component: Designator=C1(cap-0.1)
Added Component: Designator=C2(cap-0.1)
Added Component: Designator=C3(cap-0.1)
Added Component: Designator=HEAD(HDR1X7)
Added Component: Designator=J1(DIP-2)
Added Component: Designator=J2(DIP-8)
Added Component: Designator=J3(XH254-2)
Added Component: Designator=J4(HDR1X4)
Added Component: Designator=J5(HDR1X4)
Added Component: Designator=J6(HDR1X4)
Added Component: Designator=JP1(HDR2X10)
Added Component: Designator=JP2(HDR2X10)
Added Component: Designator=JP3(HDR1X4)
Added Component: Designator=R1(AXIAL-0.3-R)
Added Component: Designator=R2(AXIAL-0.3-R)
Added Component: Designator=S1(TSW DIP-6*6*6)
Added Component: Designator=S2(TSW DIP-6*6*6)
Added Component: Designator=S3(TSW DIP-6*6*6)
Added Component: Designator=S4(TSW DIP-6*6*6)
Added Component: Designator=U1(HDR2X6)
Added Pin To Net: NetName=3.3V Pin=1-1
Added Pin To Net: NetName=3.3V Pin=U1-11
Added Net: Name=3.3V
Added Pin To Net: NetName=3V3 Pin=J4-1
Added Pin To Net: NetName=3V3 Pin=J4-2
Added Pin To Net: NetName=3V3 Pin=J4-3
Added Pin To Net: NetName=3V3 Pin=J4-4
Added Pin To Net: NetName=3V3 Pin=JP1-1
Added Net: Name=3V3
Added Pin To Net: NetName=5V Pin=C1-2
Added Pin To Net: NetName=5V Pin=HEAD-2
Added Pin To Net: NetName=5V Pin=J2-1
Added Pin To Net: NetName=5V Pin=J3-1
Added Pin To Net: NetName=5V Pin=J5-1
Added Pin To Net: NetName=5V Pin=J5-2
Added Pin To Net: NetName=5V Pin=J5-3
Added Pin To Net: NetName=5V Pin=J5-4
Added Pin To Net: NetName=5V Pin=JP1-2
Added Pin To Net: NetName=5V Pin=R1-2
Added Pin To Net: NetName=5V Pin=R2-1
Added Net: Name=5V
Added Pin To Net: NetName=GND Pin=C1-1
Added Pin To Net: NetName=GND Pin=C2-2
Added Pin To Net: NetName=GND Pin=HEAD-1
Added Pin To Net: NetName=GND Pin=J2-3
Added Pin To Net: NetName=GND Pin=J6-1
Added Pin To Net: NetName=GND Pin=J6-2
Added Pin To Net: NetName=GND Pin=J6-3
Added Pin To Net: NetName=GND Pin=J6-4
Added Pin To Net: NetName=GND Pin=JP1-4
Added Pin To Net: NetName=GND Pin=JP2-2
Added Pin To Net: NetName=GND Pin=S1-1
Added Pin To Net: NetName=GND Pin=S2-1
Added Pin To Net: NetName=GND Pin=S3-1
Added Pin To Net: NetName=GND Pin=S4-1
Added Net: Name=GND
Added Pin To Net: NetName=Net*_1 Pin=*-1
Added Pin To Net: NetName=Net*_1 Pin=U1-3
Added Net: Name=Net*_1
Added Pin To Net: NetName=Net*_2 Pin=*-2
Added Pin To Net: NetName=Net*_2 Pin=U1-4
Added Net: Name=Net*_2
Added Pin To Net: NetName=Net*_3 Pin=*-3
Added Pin To Net: NetName=Net*_3 Pin=U1-5
Added Net: Name=Net*_3
Added Pin To Net: NetName=Net*_4 Pin=*-4
Added Pin To Net: NetName=Net*_4 Pin=U1-6
Added Net: Name=Net*_4
Added Pin To Net: NetName=NetA1_VOUT Pin=J1-1
Added Net: Name=NetA1_VOUT
Added Pin To Net: NetName=P1.2 Pin=JP2-11
Added Net: Name=P1.2
Added Pin To Net: NetName=P1.3 Pin=JP2-9
Added Net: Name=P1.3
Added Pin To Net: NetName=P1.4 Pin=HEAD-7
Added Pin To Net: NetName=P1.4 Pin=JP2-7
Added Net: Name=P1.4
Added Pin To Net: NetName=P1.5 Pin=JP2-5
Added Net: Name=P1.5
Added Pin To Net: NetName=P1.6 Pin=JP1-9
Added Net: Name=P1.6
Added Pin To Net: NetName=P2.0 Pin=JP2-4
Added Pin To Net: NetName=P2.0 Pin=JP3-1
Added Pin To Net: NetName=P2.0 Pin=S1-2
Added Net: Name=P2.0
Added Pin To Net: NetName=P2.2 Pin=JP2-6
Added Pin To Net: NetName=P2.2 Pin=JP3-2
Added Pin To Net: NetName=P2.2 Pin=S2-2
Added Net: Name=P2.2
Added Pin To Net: NetName=P2.3 Pin=JP2-18
Added Net: Name=P2.3
Added Pin To Net: NetName=P2.4 Pin=JP2-3
Added Pin To Net: NetName=P2.4 Pin=JP3-3
Added Pin To Net: NetName=P2.4 Pin=S3-2
Added Net: Name=P2.4
Added Pin To Net: NetName=P2.5 Pin=JP2-1
Added Pin To Net: NetName=P2.5 Pin=JP3-4
Added Pin To Net: NetName=P2.5 Pin=S4-2
Added Net: Name=P2.5
Added Pin To Net: NetName=P2.6 Pin=JP2-16
Added Net: Name=P2.6
Added Pin To Net: NetName=P2.7 Pin=HEAD-3
Added Pin To Net: NetName=P2.7 Pin=JP1-15
Added Net: Name=P2.7
Added Pin To Net: NetName=P3.0 Pin=JP2-12
Added Pin To Net: NetName=P3.0 Pin=R1-1
Added Net: Name=P3.0
Added Pin To Net: NetName=P3.1 Pin=JP2-14
Added Pin To Net: NetName=P3.1 Pin=R2-2
Added Net: Name=P3.1
Added Pin To Net: NetName=P3.2 Pin=JP1-13
Added Net: Name=P3.2
Added Pin To Net: NetName=P3.3 Pin=HEAD-4
Added Pin To Net: NetName=P3.3 Pin=JP1-7
Added Net: Name=P3.3
Added Pin To Net: NetName=P3.4 Pin=JP1-5
Added Net: Name=P3.4
Added Pin To Net: NetName=P3.5 Pin=JP1-20
Added Net: Name=P3.5
Added Pin To Net: NetName=P3.6 Pin=HEAD-5
Added Pin To Net: NetName=P3.6 Pin=JP1-18
Added Net: Name=P3.6
Added Pin To Net: NetName=P3.7 Pin=HEAD-6
Added Pin To Net: NetName=P3.7 Pin=JP2-17
Added Net: Name=P3.7
Added Pin To Net: NetName=P4.0 Pin=JP2-15
Added Pin To Net: NetName=P4.0 Pin=U1-9
Added Net: Name=P4.0
Added Pin To Net: NetName=P4.1 Pin=JP1-19
Added Pin To Net: NetName=P4.1 Pin=U1-7
Added Net: Name=P4.1
Added Pin To Net: NetName=P4.2 Pin=JP1-17
Added Pin To Net: NetName=P4.2 Pin=U1-8
Added Net: Name=P4.2
Added Pin To Net: NetName=P4.3 Pin=JP2-13
Added Pin To Net: NetName=P4.3 Pin=U1-10
Added Net: Name=P4.3
Added Pin To Net: NetName=P6.0 Pin=JP1-6
Added Net: Name=P6.0
Added Pin To Net: NetName=P6.1 Pin=JP1-8
Added Net: Name=P6.1
Added Pin To Net: NetName=P6.2 Pin=JP1-10
Added Net: Name=P6.2
Added Pin To Net: NetName=P6.3 Pin=JP1-12
Added Net: Name=P6.3
Added Pin To Net: NetName=P6.4 Pin=JP1-14
Added Net: Name=P6.4
Added Pin To Net: NetName=P6.5 Pin=JP1-3
Added Net: Name=P6.5
Added Pin To Net: NetName=P6.6 Pin=JP1-11
Added Net: Name=P6.6
Added Pin To Net: NetName=P7.0 Pin=JP1-16
Added Net: Name=P7.0
Added Pin To Net: NetName=P7.4 Pin=JP2-8
Added Net: Name=P7.4
Added Pin To Net: NetName=P8.1 Pin=JP2-20
Added Net: Name=P8.1
Added Pin To Net: NetName=P8.2 Pin=JP2-19
Added Net: Name=P8.2
Added Pin To Net: NetName=RST Pin=JP2-10
Added Net: Name=RST
Added Pin To Net: NetName=VCC Pin=1-2
Added Pin To Net: NetName=VCC Pin=C3-2
Added Pin To Net: NetName=VCC Pin=U1-12
Added Net: Name=VCC
Added Pin To Net: NetName=VREF Pin=C2-1
Added Pin To Net: NetName=VREF Pin=C3-1
Added Pin To Net: NetName=VREF Pin=J2-2
Added Pin To Net: NetName=VREF Pin=J3-2
Added Net: Name=VREF
Added Class: Name=AT long bus (13.3 x 4.2 inches)
Added Room: Name=AT long bus (13.3 x 4.2 inches)
