Removed Pin From Net: NetName=P2.4 Pin=P10-8
Removed Pin From Net: NetName=P1.5 Pin=P10-9
Removed Pin From Net: NetName=P2.5 Pin=P10-10
Removed Pin From Net: NetName=P7.4 Pin=P10-11
Removed Pin From Net: NetName=P2.6 Pin=P10-12
Removed Pin From Net: NetName=P2.3 Pin=P10-13
Removed Pin From Net: NetName=GND Pin=S5-1
Removed Pin From Net: NetName=GND Pin=S5-1
Removed Pin From Net: NetName=P6.4 Pin=S5-2
Removed Pin From Net: NetName=P6.4 Pin=S5-2
Removed Member From Class: ClassName=Mini_System Member=S5
Change Component Footprint: Designator=P10 Old Footprint=HDR-1X13_M New Footprint=HDR-1X7_M
Change Component Comment : Designator=P10 Old Comment=¿ÕÏÐÒý½Å New Comment=Header 7
Change Component Designator: OldDesignator=0.1uF NewDesignator=C1
Change Component Designator: OldDesignator=0.1uF NewDesignator=C2
Change Component Designator: OldDesignator=1.5' OLED NewDesignator=U1
Change Component Designator: OldDesignator=4.7k NewDesignator=R1
Change Component Designator: OldDesignator=4.7k NewDesignator=R2
Change Component Designator: OldDesignator=4.7k NewDesignator=R3
Change Component Designator: OldDesignator=4.7k NewDesignator=R4
Change Component Designator: OldDesignator=4.7k NewDesignator=R5
Change Component Designator: OldDesignator=10k NewDesignator=Pp1
Change Component Designator: OldDesignator=200 NewDesignator=R6
Change Component Designator: OldDesignator=200 NewDesignator=R7
Change Component Designator: OldDesignator=200 NewDesignator=R8
Change Component Designator: OldDesignator=200 NewDesignator=R9
Change Component Designator: OldDesignator=500 NewDesignator=R10
Change Component Designator: OldDesignator=AT24C02 NewDesignator=U3
Change Component Designator: OldDesignator=DAC8571 NewDesignator=U5
Change Component Designator: OldDesignator=DS18B20 NewDesignator=U2
Change Component Designator: OldDesignator=LED Test NewDesignator=J7
Change Component Designator: OldDesignator=LMT70 NewDesignator=P8
Change Component Designator: OldDesignator=RSCG12864B NewDesignator=U6
Added Component: Designator=P11(HDR-1X7_M)
Add component (AddParameter): Name = "LatestRevisionDate"; Value = "17-Jul-2002"; VariantName = "[No Variations]"
Add component (AddParameter): Name = "LatestRevisionNote"; Value = "Re-released for DXP Platform."; VariantName = "[No Variations]"
Add component (AddParameter): Name = "Publisher"; Value = "Altium Limited"; VariantName = "[No Variations]"
Added Pin To Net: NetName=P2.4 Pin=P11-1
Added Pin To Net: NetName=P6.4 Pin=P11-2
Added Pin To Net: NetName=P1.5 Pin=P11-3
Added Pin To Net: NetName=P2.5 Pin=P11-4
Added Pin To Net: NetName=P7.4 Pin=P11-5
Added Pin To Net: NetName=P2.6 Pin=P11-6
Added Pin To Net: NetName=P2.3 Pin=P11-7
Added Member To Class: ClassName=Mini_System Member=Component C2 0.1uF
Added Member To Class: ClassName=Mini_System Member=Component P11 Header 7
Added Member To Class: ClassName=Mini_System Member=Component R1 4.7k
Added Member To Class: ClassName=Mini_System Member=Component R2 10k
Added Member To Class: ClassName=Mini_System Member=Component R3 10k
Added Member To Class: ClassName=Mini_System Member=Component R4 4.7k
Added Member To Class: ClassName=Mini_System Member=Component R6 200
Added Member To Class: ClassName=Mini_System Member=Component R7 200
Added Member To Class: ClassName=Mini_System Member=Component R9 200
Added Room: Name=Mini_System
