Removed Pin From Net: NetName=P6.0 Pin=P10-6
Removed Pin From Net: NetName=P6.1 Pin=P10-7
Removed Pin From Net: NetName=P6.2 Pin=P10-8
Removed Pin From Net: NetName=P6.3 Pin=P10-9
Removed Pin From Net: NetName=P6.4 Pin=P10-10
Removed Pin From Net: NetName=P2.0 Pin=S1-2
Removed Pin From Net: NetName=P2.0 Pin=S1-2
Removed Pin From Net: NetName=P2.2 Pin=S2-2
Removed Pin From Net: NetName=P2.2 Pin=S2-2
Removed Pin From Net: NetName=P2.4 Pin=S3-2
Removed Pin From Net: NetName=P2.4 Pin=S3-2
Removed Pin From Net: NetName=P2.5 Pin=S4-2
Removed Pin From Net: NetName=P2.5 Pin=S4-2
Removed Pin From Net: NetName=P1.5 Pin=S5-2
Removed Pin From Net: NetName=P1.5 Pin=S5-2
Change Component Designator: OldDesignator=0.1uF NewDesignator=C1
Change Component Designator: OldDesignator=0.1uF NewDesignator=C2
Change Component Designator: OldDesignator=1.5' OLED NewDesignator=U1
Change Component Designator: OldDesignator=4.7k NewDesignator=R1
Change Component Designator: OldDesignator=4.7k NewDesignator=R2
Change Component Designator: OldDesignator=4.7k NewDesignator=R3
Change Component Designator: OldDesignator=4.7k NewDesignator=R4
Change Component Designator: OldDesignator=4.7k NewDesignator=R5
Change Component Designator: OldDesignator=10k NewDesignator=Pp1
Change Component Designator: OldDesignator=200 NewDesignator=R6
Change Component Designator: OldDesignator=200 NewDesignator=R7
Change Component Designator: OldDesignator=200 NewDesignator=R8
Change Component Designator: OldDesignator=200 NewDesignator=R9
Change Component Designator: OldDesignator=500 NewDesignator=R10
Change Component Designator: OldDesignator=AT24C02 NewDesignator=U3
Change Component Designator: OldDesignator=DAC8571 NewDesignator=U5
Change Component Designator: OldDesignator=DS18B20 NewDesignator=U2
Change Component Designator: OldDesignator=LED Test NewDesignator=J7
Change Component Designator: OldDesignator=LMT70 NewDesignator=P8
Change Component Designator: OldDesignator=RSCG12864B NewDesignator=U6
Added Pin To Net: NetName=P2.0 Pin=P10-6
Added Pin To Net: NetName=P2.2 Pin=P10-7
Added Pin To Net: NetName=P2.4 Pin=P10-8
Added Pin To Net: NetName=P1.5 Pin=P10-9
Added Pin To Net: NetName=P2.5 Pin=P10-10
Added Pin To Net: NetName=P6.0 Pin=S1-2
Added Pin To Net: NetName=P6.0 Pin=S1-2
Added Pin To Net: NetName=P6.1 Pin=S2-2
Added Pin To Net: NetName=P6.1 Pin=S2-2
Added Pin To Net: NetName=P6.2 Pin=S3-2
Added Pin To Net: NetName=P6.2 Pin=S3-2
Added Pin To Net: NetName=P6.3 Pin=S4-2
Added Pin To Net: NetName=P6.3 Pin=S4-2
Added Pin To Net: NetName=P6.4 Pin=S5-2
Added Pin To Net: NetName=P6.4 Pin=S5-2
Added Member To Class: ClassName=Mini_System Member=Component C2 0.1uF
Added Member To Class: ClassName=Mini_System Member=Component R1 4.7k
Added Member To Class: ClassName=Mini_System Member=Component R2 10K
Added Member To Class: ClassName=Mini_System Member=Component R3 10K
Added Member To Class: ClassName=Mini_System Member=Component R4 4.7k
Added Member To Class: ClassName=Mini_System Member=Component R6 200
Added Member To Class: ClassName=Mini_System Member=Component R7 200
Added Member To Class: ClassName=Mini_System Member=Component R9 200
Added Room: Name=Mini_System
